<?xml version="1.0" encoding="UTF-8"?>
<testsuite xmlns:xsi="http://www.w3.org/2001/XMLSchema-instance" xsi:noNamespaceSchemaLocation="https://maven.apache.org/surefire/maven-surefire-plugin/xsd/surefire-test-report.xsd" name="testrunners.TestRunner" time="2.34" tests="7" errors="0" skipped="0" failures="0">
  <properties>
[...]
</properties>
  <testcase name="Check Previous Order Details" classname="Amazon Home Page" time="0.423"/>
  <testcase name="Check Cancelled  Order Details" classname="Amazon Home Page" time="0.104"/>
  <testcase name="Check Open  Order Details" classname="Amazon Home Page" time="0.127"/>
  <testcase name="Search a product" classname="Amazon Search" time="0.107"/>
  <testcase name="Booking Cab through Uber for Sedan" classname="Uber booking app" time="0.126"/>
  <testcase name="Booking Cab through Uber for SUV" classname="Uber booking app" time="0.107"/>
  <testcase name="Booking Cab through Uber for MniCar" classname="Uber booking app" time="0.114"/>
</testsuite>